001_VWWFHY -> 001_WFHY
026_OUIT -> 026_0UIT
065_EG0C -> 065_EG0G
068_VW05 -> 068_WV05
078_YOD8 -> 078_Y0D8
085_VWVU8F -> 085_WU8F
089_3HDO -> 089_3HD0
120_63QO -> 120_63Q0
144_JNVW -> 144_JNWV
146_ON1B -> 146_0N1B
149_OHU1 -> 149_0HU1
153_A5AC -> 153_A5AG
158_36VB -> 158_36WB
160_AIDO -> 160_AID0
162_U10O -> 162_U100
167_PVUO -> 67_PVU0
172_MOID -> 172_M0ID
186_6CSC -> 186_6CSG
191_6MIO -> 191_6MI0
196_INOP -> 196_IN0P
204_VWWVRAS -> 204_WRAS
226_KE5O -> 226_KE50
230_AVMY -> 230_AWIY
233_OISA -> 233_0ISA
250_417C -> 250_417G
260_N4JC -> 260_N4JG
267_83LO -> 267_83L0
287_6VWVPW -> 287_6WPW
289_VWI4 -> 289_WVI4
291_MOIO -> 291_M0I0
299_E9Z2Y -> 299_E9ZY  优化
306_TVAR -> 306_TV4R
308_5H5O -> 308_5H50
311_X0VW -> 311_X0WV
345_NOL5 -> 345_N0L5
354_S2MQ -> 354_S2WQ
357_6U3C -> 357_6U3G
367_X1HO -> 367_X1H0
402_LRAO -> 402_LRA0
416_XZOL -> 416_XZ0L
430_EI1O -> 430_EI10
448_PFOH -> 448_PF0H
480_E2WO -> 480_E2W0
498_VWVOG8 -> 498_WOG8




➜  train_lstm_tesseract git:(main) ./ground-truth -n 500                                                                                                                                                                 ➜  train_lstm_tesseract git:(main) ./ground-truth -n 500
>> 第0张 code=P5SY
>> 第1张 code=VWWFHY
2025/05/09 17:30:47 Hint: 第1行 code=VWWFHY 长度不为4
>> 第2张 code=OZ4W
>> 第3张 code=ZZ8J
>> 第4张 code=A9YR
>> 第5张 code=D16V
>> 第6张 code=YYQQ
>> 第7张 code=RT31
>> 第8张 code=C1IM
>> 第9张 code=BCKI
>> 第10张 code=FWXY
>> 第11张 code=SXCZ
>> 第12张 code=443P
>> 第13张 code=HI8R
>> 第14张 code=FAV3
>> 第15张 code=IBZ1
>> 第16张 code=IK7F
>> 第17张 code=653C
>> 第18张 code=J8DK
>> 第19张 code=8I6X
>> 第20张 code=FIUF
>> 第21张 code=6B8W
>> 第22张 code=HCHJ
>> 第23张 code=CJTG
>> 第24张 code=2MEN
>> 第25张 code=EI01
>> 第26张 code=OUIT
>> 第27张 code=34BC
>> 第28张 code=4OJT
>> 第29张 code=IG98
>> 第30张 code=VJZT
>> 第31张 code=P0XZ
>> 第32张 code=M753
>> 第33张 code=X023
>> 第34张 code=SGJO
>> 第35张 code=I2AR
>> 第36张 code=4K47
>> 第37张 code=OYAF
>> 第38张 code=S4SP
>> 第39张 code=A1HN
>> 第40张 code=J9JL
>> 第41张 code=PNET
>> 第42张 code=Q9AP
>> 第43张 code=ICZX
>> 第44张 code=63B8
>> 第45张 code=R465
>> 第46张 code=S8YN
>> 第47张 code=K4XH
>> 第48张 code=3UHZ
>> 第49张 code=0EQJ
>> 第50张 code=52SJ
>> 第51张 code=8LPB
>> 第52张 code=SS3T
>> 第53张 code=CI66
>> 第54张 code=9BSP
>> 第55张 code=NICQ
>> 第56张 code=A6L1
>> 第57张 code=9UW6
>> 第58张 code=N386
>> 第59张 code=MYC2
>> 第60张 code=NEDC
>> 第61张 code=25B2
>> 第62张 code=475A
>> 第63张 code=OYSQ
>> 第64张 code=3EW4
>> 第65张 code=EG0C
>> 第66张 code=SRY3
>> 第67张 code=8VRC
>> 第68张 code=VW05
>> 第69张 code=CFDK
>> 第70张 code=P331
>> 第71张 code=7BDA
>> 第72张 code=FZBM
>> 第73张 code=RAHH
>> 第74张 code=NUXV
>> 第75张 code=KH7D
>> 第76张 code=93ER
>> 第77张 code=8HI4
>> 第78张 code=YOD8
>> 第79张 code=FZEU
>> 第80张 code=UTLT
>> 第81张 code=VW1J
>> 第82张 code=BZDP
>> 第83张 code=KA25
>> 第84张 code=ZJ7V
>> 第85张 code=VWVU8F
2025/05/09 17:31:18 Hint: 第85行 code=VWVU8F 长度不为4
>> 第86张 code=FLGM
>> 第87张 code=7PKM
>> 第88张 code=8079
>> 第89张 code=3HDO
>> 第90张 code=H3PT
>> 第91张 code=J60E
>> 第92张 code=V8IH
>> 第93张 code=8V96
>> 第94张 code=L56S
>> 第95张 code=PGX4
>> 第96张 code=TP5T
>> 第97张 code=0E7O
>> 第98张 code=ZH98
>> 第99张 code=QOGQ
>> 第100张 code=BGD9
>> 第101张 code=GRFV
>> 第102张 code=LHQS
>> 第103张 code=6QDU
>> 第104张 code=6IJK
>> 第105张 code=OD5Q
>> 第106张 code=ISD8
>> 第107张 code=0QIT
>> 第108张 code=KTXH
>> 第109张 code=6UA7
>> 第110张 code=E887
>> 第111张 code=KJ7F
>> 第112张 code=UY6E
>> 第113张 code=S10H
>> 第114张 code=QTLL
>> 第115张 code=R0CK
>> 第116张 code=PETE
>> 第117张 code=DGB4
>> 第118张 code=FNQ4
>> 第119张 code=QJNO
>> 第120张 code=63QO
>> 第121张 code=BM8B
>> 第122张 code=GGKM
>> 第123张 code=IR4O
>> 第124张 code=MOFW
>> 第125张 code=PLPI
>> 第126张 code=FRPT
>> 第127张 code=ZYVX
>> 第128张 code=UCDY
>> 第129张 code=XV5D
>> 第130张 code=30RY
>> 第131张 code=2RMJ
>> 第132张 code=RGI1
>> 第133张 code=0QHM
>> 第134张 code=XY3M
>> 第135张 code=KPUW
>> 第136张 code=9ZO3
>> 第137张 code=L3QI
>> 第138张 code=DM91
>> 第139张 code=JZP1
>> 第140张 code=FADU
>> 第141张 code=TNGQ
>> 第142张 code=E989
>> 第143张 code=XFA2
>> 第144张 code=JNVW
>> 第145张 code=F2L9
>> 第146张 code=ON1B
>> 第147张 code=SC8R
>> 第148张 code=4I0W
>> 第149张 code=OHU1
>> 第150张 code=9ODC
>> 第151张 code=RKWF
>> 第152张 code=Q8B6
>> 第153张 code=A5AC
>> 第154张 code=1EBK
>> 第155张 code=50XD
>> 第156张 code=OH1X
>> 第157张 code=TE3U
>> 第158张 code=36VB
>> 第159张 code=PLVC
>> 第160张 code=AIDO
>> 第161张 code=3D74
>> 第162张 code=U10O
>> 第163张 code=LX1V
>> 第164张 code=0KMO
>> 第165张 code=XEC4
>> 第166张 code=GUV3
>> 第167张 code=PVUO
>> 第168张 code=BVHC
>> 第169张 code=9AB4
>> 第170张 code=BAOY
>> 第171张 code=K98T
>> 第172张 code=MOID
>> 第173张 code=NTOQ
>> 第174张 code=SCN3
>> 第175张 code=105J
>> 第176张 code=2P20
>> 第177张 code=4G74
>> 第178张 code=N8EC
>> 第179张 code=AGEF
>> 第180张 code=R8SD
>> 第181张 code=YD5P
>> 第182张 code=73JV
>> 第183张 code=EYX6
>> 第184张 code=9X6W
>> 第185张 code=6IG9
>> 第186张 code=6CSC
>> 第187张 code=E09L
>> 第188张 code=L74S
>> 第189张 code=YBNP
>> 第190张 code=9SZO
>> 第191张 code=6MIO
>> 第192张 code=FMD4
>> 第193张 code=GB78
>> 第194张 code=UPJO
>> 第195张 code=FQT6
>> 第196张 code=INOP
>> 第197张 code=PJWP
>> 第198张 code=GXKT
>> 第199张 code=E5QF
>> 第200张 code=R9JY
>> 第201张 code=VXN3
>> 第202张 code=72PS
>> 第203张 code=5ZSG
>> 第204张 code=VWWVRAS
2025/05/09 17:32:04 Hint: 第204行 code=VWWVRAS 长度不为4
>> 第205张 code=P6QJ
>> 第206张 code=VV35
>> 第207张 code=C9D7
>> 第208张 code=I9RB
>> 第209张 code=HOF8
>> 第210张 code=4AQS
>> 第211张 code=9926
>> 第212张 code=7NPD
>> 第213张 code=NC6C
>> 第214张 code=4ZPE
>> 第215张 code=EKYI
>> 第216张 code=15WE
>> 第217张 code=OWLV
>> 第218张 code=0G7L
>> 第219张 code=YMSP
>> 第220张 code=U3CM
>> 第221张 code=N1AQ
>> 第222张 code=NEZ4
>> 第223张 code=SKO9
>> 第224张 code=TQVG
>> 第225张 code=QD6Q
>> 第226张 code=KE5O
>> 第227张 code=L415
>> 第228张 code=K1QH
>> 第229张 code=J1T3
>> 第230张 code=AVMY
>> 第231张 code=UTGF
>> 第232张 code=5G64
>> 第233张 code=OISA
>> 第234张 code=OFTE
>> 第235张 code=Z7H9
>> 第236张 code=ZMJK
>> 第237张 code=E2R4
>> 第238张 code=590P
>> 第239张 code=C7UF
>> 第240张 code=XN54
>> 第241张 code=MALV
>> 第242张 code=9H8J
>> 第243张 code=RTJY
>> 第244张 code=T2J4
>> 第245张 code=7NX8
>> 第246张 code=5SIJ
>> 第247张 code=MIE9
>> 第248张 code=MHJF
>> 第249张 code=UPO7
>> 第250张 code=417C
>> 第251张 code=LY26
>> 第252张 code=Z348
>> 第253张 code=P0M4
>> 第254张 code=ZU7C
>> 第255张 code=FCPJ
>> 第256张 code=ZJ8J
>> 第257张 code=BGHW
>> 第258张 code=NN5Q
>> 第259张 code=WJ9X
>> 第260张 code=N4JC
>> 第261张 code=E88U
>> 第262张 code=Y9FT
>> 第263张 code=EU6A
>> 第264张 code=FVY6
>> 第265张 code=JOHZ
>> 第266张 code=213V
>> 第267张 code=83LO
>> 第268张 code=TCEK
>> 第269张 code=YMPE
>> 第270张 code=P0M7
>> 第271张 code=D7G3
>> 第272张 code=F75G
>> 第273张 code=R9YO
>> 第274张 code=ZBC3
>> 第275张 code=2RYE
>> 第276张 code=2IUL
>> 第277张 code=2VDL
>> 第278张 code=UVN7
>> 第279张 code=B69I
>> 第280张 code=JYW7
>> 第281张 code=47IV
>> 第282张 code=R1HJ
>> 第283张 code=RHNQ
>> 第284张 code=3S5E
>> 第285张 code=DOMI
>> 第286张 code=QR99
>> 第287张 code=6VWVPW
2025/05/09 17:32:36 Hint: 第287行 code=6VWVPW 长度不为4
>> 第288张 code=BMTB
>> 第289张 code=VWI4
>> 第290张 code=357E
>> 第291张 code=MOIO
>> 第292张 code=SBFQ
>> 第293张 code=RAYK
>> 第294张 code=TGT7
>> 第295张 code=BXM8
>> 第296张 code=QGBX
>> 第297张 code=EIM3
>> 第298张 code=F7SM
>> 第299张 code=E9Z2Y
2025/05/09 17:32:41 Hint: 第299行 code=E9Z2Y 长度不为4
>> 第300张 code=KY9X
>> 第301张 code=HU7C
>> 第302张 code=Q6BR
>> 第303张 code=VBUN
>> 第304张 code=3BML
>> 第305张 code=IQCY
>> 第306张 code=TVAR
>> 第307张 code=0DIY
>> 第308张 code=5H5O
>> 第309张 code=1V41
>> 第310张 code=BYBL
>> 第311张 code=X0VW
>> 第312张 code=98UT
>> 第313张 code=J1GF
>> 第314张 code=L2OU
>> 第315张 code=A07M
>> 第316张 code=6VMF
>> 第317张 code=2OTP
>> 第318张 code=225V
>> 第319张 code=6PMF
>> 第320张 code=FV0P
>> 第321张 code=7HM8
>> 第322张 code=CKFN
>> 第323张 code=58RG
>> 第324张 code=8PA8
>> 第325张 code=O5KG
>> 第326张 code=WK95
>> 第327张 code=9D8Q
>> 第328张 code=0TE9
>> 第329张 code=4OSK
>> 第330张 code=286Z
>> 第331张 code=CDS8
>> 第332张 code=D8IB
>> 第333张 code=J1JJ
>> 第334张 code=QZZ5
>> 第335张 code=UAQ4
>> 第336张 code=XSQL
>> 第337张 code=RMC9
>> 第338张 code=GI0F
>> 第339张 code=AF2V
>> 第340张 code=S8VK
>> 第341张 code=TOMN
>> 第342张 code=ZFD9
>> 第343张 code=SRE9
>> 第344张 code=T5P3
>> 第345张 code=NOL5
>> 第346张 code=PR2Q
>> 第347张 code=F5XE
>> 第348张 code=KBCY
>> 第349张 code=GX7O
>> 第350张 code=2IQ1
>> 第351张 code=4GLR
>> 第352张 code=ZO4S
>> 第353张 code=VS0P
>> 第354张 code=S2MQ
>> 第355张 code=MPON
>> 第356张 code=28VS
>> 第357张 code=6U3C
>> 第358张 code=SLPQ
>> 第359张 code=CWO7
>> 第360张 code=W8RT
>> 第361张 code=9JH7
>> 第362张 code=C1IG
>> 第363张 code=C7CE
>> 第364张 code=FRXJ
>> 第365张 code=SCYJ
>> 第366张 code=NNYS
>> 第367张 code=X1HO
>> 第368张 code=JOQE
>> 第369张 code=QRI8
>> 第370张 code=R4B5
>> 第371张 code=JGZ6
>> 第372张 code=HN46
>> 第373张 code=FYH5
>> 第374张 code=4949
>> 第375张 code=D6XR
>> 第376张 code=3JFW
>> 第377张 code=D7OE
>> 第378张 code=HNQV
>> 第379张 code=DMBN
>> 第380张 code=SHDB
>> 第381张 code=QMLM
>> 第382张 code=HBLY
>> 第383张 code=38SU
>> 第384张 code=VANP
>> 第385张 code=G2OD
>> 第386张 code=19T5
>> 第387张 code=RTN9
>> 第388张 code=0BKQ
>> 第389张 code=PXUJ
>> 第390张 code=TZF8
>> 第391张 code=30F1
>> 第392张 code=4XC5
>> 第393张 code=6NPG
>> 第394张 code=8Z73
>> 第395张 code=W81O
>> 第396张 code=L4E6
>> 第397张 code=148M
>> 第398张 code=RTW6
>> 第399张 code=U7NG
>> 第400张 code=9R4O
>> 第401张 code=KNCU
>> 第402张 code=LRAO
>> 第403张 code=0RFK
>> 第404张 code=NFNO
>> 第405张 code=SWTU
>> 第406张 code=KFA1
>> 第407张 code=WG45
>> 第408张 code=G95T
>> 第409张 code=0ZP3
>> 第410张 code=7CKG
>> 第411张 code=QQ80
>> 第412张 code=A3S2
>> 第413张 code=3C7V
>> 第414张 code=9PGM
>> 第415张 code=2YVA
>> 第416张 code=XZOL
>> 第417张 code=GR2I
>> 第418张 code=NO7G
>> 第419张 code=0N4A
>> 第420张 code=CAE5
>> 第421张 code=2F0M
>> 第422张 code=PSY9
>> 第423张 code=2HLJ
>> 第424张 code=P7R2
>> 第425张 code=CK22
>> 第426张 code=SA5K
>> 第427张 code=OV5G
>> 第428张 code=N82J
>> 第429张 code=5ES7
>> 第430张 code=EI1O
>> 第431张 code=8G5G
>> 第432张 code=UKDW
>> 第433张 code=8PNS
>> 第434张 code=AUTT
>> 第435张 code=F1ZM
>> 第436张 code=AVZO
>> 第437张 code=BOM6
>> 第438张 code=L5AQ
>> 第439张 code=CE22
>> 第440张 code=JIXR
>> 第441张 code=A1VA
>> 第442张 code=JRHG
>> 第443张 code=BVXZ
>> 第444张 code=20FN
>> 第445张 code=1N3G
>> 第446张 code=LNW5
>> 第447张 code=UJIX
>> 第448张 code=PFOH
>> 第449张 code=BBTR
>> 第450张 code=ZDIS
>> 第451张 code=T1GC
>> 第452张 code=KYQB
>> 第453张 code=X20E
>> 第454张 code=NM2X
>> 第455张 code=DGPN
>> 第456张 code=UF8B
>> 第457张 code=9V3P
>> 第458张 code=4B42
>> 第459张 code=9J3P
>> 第460张 code=AFNR
>> 第461张 code=IX49
>> 第462张 code=9KLN
>> 第463张 code=53JD
>> 第464张 code=YNPO
>> 第465张 code=GVBW
>> 第466张 code=FEHW
>> 第467张 code=DBMN
>> 第468张 code=2XKR
>> 第469张 code=VI9D
>> 第470张 code=3L83
>> 第471张 code=VEOT
>> 第472张 code=FTR9
>> 第473张 code=0EU7
>> 第474张 code=HQZI
>> 第475张 code=GJIM
>> 第476张 code=O7IK
>> 第477张 code=HH7E
>> 第478张 code=3ATZ
>> 第479张 code=VBXZ
>> 第480张 code=E2WO
>> 第481张 code=OMDU
>> 第482张 code=0XGJ
>> 第483张 code=LDBY
>> 第484张 code=U5C6
>> 第485张 code=GSMS
>> 第486张 code=D8IX
>> 第487张 code=5IBZ
>> 第488张 code=3HKP
>> 第489张 code=ZZPB
>> 第490张 code=2E0C
>> 第491张 code=7J4E
>> 第492张 code=YDKM
>> 第493张 code=FFII
>> 第494张 code=GWD8
>> 第495张 code=9RUX
>> 第496张 code=47AY
>> 第497张 code=H77V
>> 第498张 code=VWVOG8
2025/05/09 17:34:22 Hint: 第498行 code=VWVOG8 长度不为4
>> 第499张 code=S534
2025/05/09 17:34:23 成功下载 500 用例


